06:21:38 0.01 0.05
06:33:01 0.01 0.05
06:34:01 0.01 0.05
11:06:01 0.00 0.01 0.05
11:07:01 0.00 0.01 0.05
11:08:01 0.13 0.07 0.06
11:09:01 0.18 0.10 0.07
11:10:01 0.07 0.08 0.07
11:11:01 0.02 0.07 0.06
11:12:01 0.01 0.05 0.05
11:13:01 0.04 0.05
11:14:01 0.04 0.05
11:15:01 0.03 0.05
11:16:01 0.03 0.05
11:17:01 0.02 0.05
11:18:01 0.01 0.05
11:19:01 0.01 0.05
11:20:01 0.01 0.05
11:21:01 0.01 0.05
11:22:01 0.01 0.05
11:23:01 0.01 0.05
11:24:01 0.01 0.05
11:25:02 0.01 0.05
11:26:01 0.01 0.05
11:27:01 0.01 0.05
11:28:01 0.01 0.05
11:29:01 0.01 0.05
11:30:01 0.01 0.05
11:31:01 0.01 0.05
11:32:01 0.03 0.05
11:33:01 0.04 0.05
11:34:01 0.03 0.05
11:35:01 0.02 0.05
11:36:01 0.02 0.05
11:37:01 0.01 0.05
11:38:01 0.01 0.05
11:39:01 0.01 0.05
11:40:01 0.01 0.05
11:41:01 0.01 0.05
11:42:01 0.01 0.05
11:43:01 0.01 0.05
11:44:01 0.01 0.05
11:45:01 0.01 0.05
11:46:01 0.01 0.05
11:47:01 0.01 0.05
11:48:01 0.01 0.05
11:49:01 0.01 0.05
11:50:01 0.01 0.05
11:51:01 0.01 0.05
11:52:01 0.01 0.05
11:53:01 0.01 0.05
11:54:01 0.01 0.05
11:55:01 0.01 0.05
11:56:01 0.01 0.05
11:57:01 0.01 0.05
11:58:01 0.01 0.05
11:59:01 0.01 0.05
12:00:01 0.04 0.05
12:01:01 0.04 0.05
12:02:01 0.03 0.05
12:03:02 0.02 0.05
12:04:01 0.02 0.05
12:05:01 0.01 0.05
12:06:01 0.01 0.05
12:07:01 0.01 0.05
12:08:01 0.01 0.05
12:09:01 0.01 0.05
12:10:01 0.01 0.05
12:11:01 0.01 0.05
12:12:01 0.01 0.05
12:13:01 0.04 0.05
12:14:01 0.03 0.05
12:15:01 0.03 0.05
12:16:01 0.02 0.05
04:18:02 1.23 0.35 0.12
04:19:01 0.45 0.29 0.12
04:20:01 0.17 0.24 0.11
04:21:01 0.06 0.19 0.10
04:22:01 0.02 0.16 0.10
04:23:01 0.01 0.13 0.09
04:24:01 0.00 0.10 0.09
04:25:01 0.00 0.09 0.08
04:26:01 0.00 0.07 0.07
04:27:01 0.00 0.06 0.07
04:28:01 0.00 0.05 0.06
04:29:01 0.00 0.04 0.06
11:08:01 1.11 0.38 0.13
11:09:01 0.41 0.31 0.13
11:10:01 0.15 0.25 0.12
11:11:01 0.05 0.21 0.12
11:12:02 0.23 0.25 0.14
11:13:01 0.09 0.21 0.13
11:14:01 0.03 0.17 0.13
11:15:01 0.01 0.14 0.12
11:16:01 0.00 0.11 0.11
11:17:01 0.00 0.09 0.11
11:18:01 0.00 0.08 0.10
11:19:01 0.00 0.06 0.10
11:20:01 0.00 0.05 0.09
11:21:02 0.00 0.04 0.08
11:22:01 0.00 0.04 0.08
11:23:01 0.00 0.03 0.07
11:24:01 0.00 0.02 0.07
11:25:01 0.00 0.02 0.06
11:26:01 0.00 0.01 0.06
11:27:01 0.00 0.01 0.05
11:28:01 0.00 0.01 0.05
11:29:01 0.00 0.01 0.05
11:30:02 0.00 0.01 0.05
11:31:01 0.00 0.01 0.05
11:32:01 0.00 0.01 0.05
11:33:01 0.00 0.01 0.05
11:34:01 0.00 0.01 0.05
11:35:01 0.00 0.01 0.05
11:36:01 0.00 0.01 0.05
11:37:01 0.00 0.01 0.05
11:38:02 0.00 0.01 0.05
11:39:01 0.00 0.01 0.05
11:40:01 0.00 0.01 0.05
11:41:01 0.00 0.01 0.05
11:42:01 0.00 0.01 0.05
11:43:01 0.00 0.01 0.05
11:44:01 0.00 0.01 0.05
11:45:01 0.00 0.01 0.05
11:46:01 0.00 0.01 0.05
11:47:02 0.00 0.01 0.05
11:48:01 0.00 0.01 0.05
11:49:01 0.00 0.01 0.05
11:50:01 0.00 0.01 0.05
11:51:01 0.00 0.01 0.05
11:52:01 0.00 0.01 0.05
11:53:01 0.00 0.01 0.05
11:54:01 0.00 0.01 0.05
11:55:01 0.00 0.01 0.05
11:56:02 0.00 0.01 0.05
11:57:01 0.00 0.01 0.05
11:58:01 0.00 0.01 0.05
08:25:01 1.96 0.56 0.19
08:26:01 0.72 0.46 0.18
08:27:01 0.26 0.38 0.17
08:28:01 0.10 0.31 0.16
08:29:01 0.04 0.25 0.15
08:30:01 0.01 0.21 0.14
07:12:02 1.03 0.24 0.08
07:13:01 0.85 0.37 0.14
07:14:02 0.31 0.30 0.13
07:15:01 0.11 0.25 0.12
07:16:01 0.04 0.20 0.12
07:17:01 0.02 0.16 0.11
07:18:01 0.01 0.13 0.11
07:19:01 0.00 0.11 0.10
07:20:01 0.00 0.09 0.09
07:21:01 0.00 0.07 0.09
07:22:01 0.00 0.06 0.08
07:23:01 0.00 0.05 0.08
07:24:01 0.00 0.04 0.07
07:25:01 0.00 0.04 0.07
07:26:01 0.00 0.03 0.06
07:27:01 0.00 0.02 0.05
07:28:01 0.00 0.02 0.05
07:29:01 0.00 0.01 0.05
07:30:01 0.00 0.01 0.05
07:31:01 0.00 0.01 0.05
07:32:01 0.00 0.01 0.05
07:33:01 0.00 0.01 0.05
07:34:01 0.00 0.01 0.05
07:35:01 0.00 0.01 0.05
07:36:01 0.00 0.01 0.05
07:37:01 0.00 0.01 0.05
07:38:01 0.00 0.01 0.05
07:39:01 0.00 0.01 0.05
07:40:02 0.00 0.01 0.05
07:41:01 0.00 0.01 0.05
07:42:01 0.00 0.01 0.05
07:43:01 0.00 0.01 0.05
07:44:01 0.00 0.01 0.05
07:45:01 0.00 0.01 0.05
07:46:01 0.00 0.01 0.05
07:47:01 0.00 0.01 0.05
07:48:01 0.00 0.01 0.05
07:49:02 0.00 0.01 0.05
07:50:01 0.00 0.01 0.05
07:51:01 0.00 0.01 0.05
07:52:01 0.00 0.01 0.05
07:53:01 0.00 0.01 0.05
07:54:01 0.00 0.01 0.05
07:55:01 0.00 0.01 0.05
07:56:01 0.00 0.01 0.05
07:57:01 0.00 0.01 0.05
07:58:02 0.00 0.01 0.05
07:59:01 0.00 0.01 0.05
08:00:01 0.00 0.01 0.05
08:01:01 0.00 0.01 0.05
08:02:01 0.00 0.01 0.05
08:03:01 0.00 0.01 0.05
08:04:01 0.00 0.01 0.05
08:05:01 0.00 0.01 0.05
08:06:02 0.00 0.01 0.05
08:07:01 0.00 0.01 0.05
08:08:01 0.00 0.01 0.05
08:09:01 0.00 0.01 0.05
08:10:01 0.00 0.01 0.05
08:11:01 0.00 0.01 0.05
08:12:01 0.01 0.05
08:13:01 0.01 0.05
08:14:01 0.01 0.05
08:15:01 0.01 0.05
08:16:01 0.01 0.05
08:17:01 0.01 0.05
08:18:01 0.01 0.05
08:19:01 0.01 0.05
08:20:01 0.01 0.05
08:21:01 0.01 0.05
08:22:01 0.01 0.05
08:23:02 0.01 0.05
08:24:01 0.01 0.05
08:25:01 0.01 0.05
08:26:01 0.05 0.06
08:27:01 0.28 0.14
08:28:02 0.41 0.19
08:29:01 0.60 0.27
08:30:01 0.73 0.33
08:31:01 0.85 0.40
08:32:01 0.90 0.44
08:33:02 0.92 0.48
08:34:01 0.96 0.52
08:35:01 0.99 0.56
08:36:02 1.05 0.61
08:37:01 1.07 0.64
08:38:01 1.12 0.69
08:39:01 1.19 0.74
08:40:02 1.20 0.77
08:41:01 1.32 0.84
08:42:01 1.31 0.87
08:43:01 1.33 0.90
08:44:01 1.37 0.94
08:45:02 1.37 0.97
08:46:01 1.38 0.99
08:47:01 1.36 1.01
08:48:01 1.35 1.03
08:49:01 1.30 1.04
08:50:01 1.28 1.05
08:51:01 1.29 1.06
08:52:01 1.31 1.08
08:53:01 1.30 1.09
08:54:01 1.27 1.10
08:55:01 1.27 1.11
08:56:01 1.25 1.11
08:57:01 1.20 1.11
08:58:01 1.24 1.13
08:59:02 1.23 1.13
09:00:01 1.22 1.13
09:01:01 1.21 1.14
09:02:01 1.25 1.16
09:03:02 1.25 1.16
09:04:01 1.23 1.16
09:05:01 1.25 1.17
09:06:04 1.31 1.20
09:07:03 1.36 1.22
09:08:03 1.47 1.27
09:09:04 1.74 1.37
09:10:09 1.97 1.48
09:11:10 2.47 1.68
09:12:12 2.87 1.87
09:13:39 3.93 2.32
09:14:11 4.23 2.48
09:15:04 3.77 2.41
09:16:03 3.34 2.35
09:17:09 3.25 2.38
09:18:08 3.49 2.52
09:19:16 3.89 2.72
09:20:17 4.52 3.01
09:21:06 4.31 3.02
09:22:16 4.90 3.32
09:23:15 4.90 3.41
09:24:19 5.20 3.61
09:25:15 5.43 3.78
09:26:13 5.47 3.90
09:27:05 5.19 3.89
09:28:03 4.56 3.75
09:29:07 4.29 3.71
09:30:08 4.32 3.75
09:31:08 4.36 3.80
09:32:49 5.33 4.19
09:39:47 25.09 13.95
09:40:03 24.05 13.79
09:41:02 19.95 13.02
09:42:03 16.67 12.33
09:43:02 13.93 11.66
09:44:03 11.67 11.02
09:45:04 9.77 10.41
09:46:03 8.23 9.84
09:47:03 6.95 9.30
09:48:04 5.96 8.81
09:49:03 5.12 8.35
09:50:03 4.38 7.89
09:51:02 3.80 7.47
09:52:03 3.33 7.08
09:53:03 2.97 6.72
09:54:03 2.66 6.38
09:55:03 2.42 6.06
09:56:03 2.20 5.76
09:57:03 2.00 5.47
09:58:03 1.91 5.22
09:59:03 1.82 4.98
10:00:04 1.81 4.78
10:01:04 1.78 4.58
10:02:13 2.05 4.47
10:03:16 2.74 4.54
10:04:17 3.44 4.68
10:05:15 3.90 4.76
10:06:19 4.00 4.74
10:07:09 4.12 4.75
10:08:42 4.90 4.95
10:09:42 5.95 5.31
10:11:52 7.69 6.04
10:13:41 9.41 6.87
10:14:19 9.05 6.84
10:15:26 8.45 6.79
10:16:16 8.32 6.83
10:17:19 8.12 6.86
10:18:08 7.46 6.70
10:19:03 6.52 6.43
10:20:06 5.79 6.18
10:21:02 5.17 5.94
10:22:03 4.53 5.68
10:23:04 4.03 5.43
10:24:03 3.66 5.22
10:25:04 3.37 5.02
10:26:03 3.05 4.81
10:27:04 2.78 4.60
10:28:03 2.64 4.44
10:29:03 2.48 4.27
10:30:04 2.30 4.10
10:31:03 2.24 3.97
10:32:04 2.14 3.82
10:33:03 2.13 3.72
10:34:03 2.10 3.61
10:35:03 2.07 3.50
10:36:03 2.01 3.39
10:48:13 54.63 29.22
10:48:32 54.06 29.58
10:48:34 54.06 29.58
10:49:03 49.32 28.78
10:50:03 41.02 27.21
10:51:03 33.93 25.64
10:52:03 28.03 24.13
10:53:04 23.22 22.72
10:54:03 19.29 21.40
10:55:04 16.04 20.15
10:56:04 13.45 19.00
10:57:03 11.31 17.92
10:58:03 9.56 16.90
10:59:03 8.16 15.96
11:00:03 7.11 15.11
11:01:03 6.08 14.26
11:02:04 5.28 13.47
11:03:03 4.69 12.75
11:04:03 4.25 12.10
11:05:03 3.72 11.42
11:06:03 3.34 10.81
11:07:03 3.04 10.24
11:08:03 2.78 9.70
11:09:03 2.63 9.21
11:10:03 2.52 8.77
12:00:06 1.27 0.33 0.11
12:01:06 0.85 0.42 0.16
12:02:02 0.54 0.40 0.16
12:03:02 1.34 0.66 0.27
12:04:02 0.53 0.55 0.25
12:05:03 0.95 0.64 0.30
12:06:01 0.38 0.53 0.29
12:07:01 0.14 0.44 0.27
12:08:01 0.05 0.36 0.25
12:09:01 0.02 0.29 0.23
12:10:01 0.01 0.24 0.22
12:11:01 0.00 0.20 0.21
12:12:01 0.00 0.16 0.20
12:13:01 0.00 0.13 0.18
12:14:01 0.00 0.11 0.17
12:15:01 0.00 0.09 0.16
12:16:01 0.12 0.12 0.16
04:08:02 0.22 0.05 0.02
04:09:01 0.62 0.24 0.09
04:10:02 0.23 0.20 0.08
04:11:01 0.08 0.16 0.07
04:12:01 0.03 0.13 0.07
04:13:01 0.01 0.11 0.06
04:14:01 0.00 0.09 0.06
04:15:01 0.00 0.07 0.05
04:16:01 0.00 0.06 0.05
04:17:01 0.00 0.05 0.05
06:59:01 1.49 0.38 0.13
07:00:01 0.59 0.32 0.13
07:01:01 0.22 0.27 0.12
07:02:02 0.08 0.22 0.11
07:03:01 0.03 0.18 0.11
07:04:01 0.09 0.16 0.11
07:05:01 0.03 0.13 0.10
07:06:01 0.01 0.11 0.10
07:07:01 0.00 0.09 0.09
07:08:01 0.00 0.07 0.08
07:09:01 0.00 0.06 0.08
07:10:01 0.00 0.05 0.07
07:11:01 0.00 0.04 0.07
07:12:01 0.00 0.03 0.06
07:13:01 0.00 0.03 0.06
07:14:01 0.00 0.02 0.05
07:15:01 0.00 0.02 0.05
07:16:01 0.00 0.01 0.05
07:17:01 0.00 0.01 0.05
05:10:02 2.01 0.52 0.17
05:11:01 0.87 0.48 0.18
05:12:01 0.32 0.39 0.17
05:13:01 0.12 0.32 0.16
05:14:01 0.04 0.26 0.15
05:15:01 0.02 0.21 0.14
05:16:01 0.01 0.18 0.13
05:17:02 0.00 0.14 0.12
05:18:01 0.00 0.12 0.12
05:19:01 0.21 0.14 0.13
05:20:01 0.08 0.12 0.12
05:21:01 0.03 0.10 0.12
05:22:01 0.01 0.08 0.11
05:23:01 0.00 0.07 0.11
05:24:01 0.00 0.05 0.10
05:25:02 0.00 0.04 0.09
05:26:01 0.27 0.10 0.11
05:27:01 0.32 0.15 0.13
05:28:01 0.47 0.26 0.17
05:29:01 0.50 0.30 0.19
05:30:01 0.18 0.25 0.18
05:31:01 0.07 0.20 0.17
05:32:01 0.02 0.16 0.15
05:33:01 0.01 0.13 0.14
05:34:01 0.00 0.11 0.13
05:35:01 0.03 0.10 0.13
05:36:01 0.01 0.09 0.13
05:37:01 0.00 0.07 0.12
05:38:01 0.00 0.06 0.11
05:39:01 0.00 0.05 0.11
05:40:01 0.00 0.04 0.10
05:41:01 0.00 0.03 0.10
05:42:01 0.00 0.03 0.09
05:43:01 0.00 0.02 0.08
05:44:01 0.00 0.02 0.08
05:45:01 0.00 0.01 0.07
05:46:01 0.00 0.01 0.07
05:47:01 0.00 0.01 0.06
05:48:01 0.00 0.01 0.06
05:49:02 0.00 0.01 0.05
05:50:01 0.00 0.01 0.05
05:51:01 0.00 0.01 0.05
05:52:01 0.00 0.01 0.05
05:53:01 0.00 0.01 0.05
05:54:01 0.00 0.01 0.05
05:55:01 0.00 0.01 0.05
05:56:01 0.00 0.01 0.05
05:57:01 0.00 0.01 0.05
05:58:02 0.00 0.01 0.05
05:59:01 0.00 0.01 0.05
06:00:01 0.00 0.01 0.05
06:01:01 0.00 0.01 0.05
06:02:01 0.00 0.01 0.05
06:03:01 0.00 0.01 0.05
06:04:01 0.00 0.01 0.05
06:05:01 0.00 0.01 0.05
06:06:02 0.00 0.01 0.05
06:07:01 0.00 0.01 0.05
06:08:01 0.00 0.01 0.05
06:09:01 0.00 0.01 0.05
06:10:01 0.01 0.05
06:11:01 0.01 0.05
06:12:01 0.01 0.05
06:13:01 0.01 0.05
06:14:01 0.01 0.05
10:27:02 1.63 0.45 0.15
10:28:01 0.73 0.42 0.16
10:29:01 0.27 0.34 0.15
10:30:02 0.13 0.30 0.14
10:31:01 0.05 0.24 0.13
10:32:01 0.02 0.20 0.13
10:33:01 0.01 0.16 0.12
10:34:01 0.00 0.13 0.12
10:35:01 0.00 0.11 0.11
10:36:01 0.00 0.09 0.10
10:37:01 0.00 0.07 0.10
10:38:01 0.00 0.06 0.09
10:39:02 0.00 0.05 0.09
10:59:01 0.22 0.05 0.02
11:00:01 0.74 0.27 0.10
11:01:01 0.27 0.22 0.09
11:02:01 0.10 0.18 0.09
11:03:02 0.13 0.19 0.10
11:04:01 0.05 0.16 0.09
11:05:01 0.02 0.13 0.08
11:06:01 0.01 0.10 0.08
11:07:01 0.00 0.09 0.07
11:08:01 0.00 0.07 0.07
11:09:01 0.00 0.06 0.06
11:10:01 0.00 0.05 0.06
11:11:02 0.03 0.05 0.05
11:12:01 0.01 0.04 0.05
11:13:01 0.00 0.04 0.05
11:14:01 0.00 0.03 0.05
11:15:01 0.00 0.02 0.05
11:16:01 0.00 0.02 0.05
11:17:01 0.00 0.01 0.05
11:18:01 0.00 0.01 0.05
11:19:01 0.00 0.01 0.05
11:20:02 0.00 0.01 0.05
11:21:01 0.00 0.01 0.05
11:22:01 0.00 0.01 0.05
11:23:01 0.00 0.01 0.05
11:24:01 0.00 0.01 0.05
11:25:01 0.00 0.01 0.05
11:26:01 0.00 0.01 0.05
11:27:01 0.00 0.01 0.05
11:28:01 0.00 0.01 0.05
11:29:02 0.00 0.01 0.05
11:30:01 0.00 0.01 0.05
11:31:01 0.00 0.01 0.05
11:32:01 0.00 0.01 0.05
11:33:01 0.00 0.01 0.05
11:34:01 0.00 0.01 0.05
11:35:01 0.00 0.01 0.05
11:36:01 0.00 0.01 0.05
11:37:01 0.00 0.01 0.05
11:38:02 0.00 0.01 0.05
11:39:01 0.00 0.01 0.05
11:40:01 0.00 0.01 0.05
11:41:01 0.00 0.01 0.05
11:42:01 0.00 0.01 0.05
11:43:01 0.00 0.01 0.05
11:44:01 0.00 0.01 0.05
11:45:01 0.00 0.01 0.05
11:46:01 0.00 0.01 0.05
11:47:02 0.00 0.01 0.05
11:48:01 0.00 0.01 0.05
11:49:01 0.00 0.01 0.05
11:50:01 0.00 0.01 0.05
11:51:01 0.00 0.01 0.05
11:52:01 0.00 0.01 0.05
11:53:01 0.00 0.01 0.05
11:54:01 0.00 0.01 0.05
11:55:01 0.00 0.01 0.05
11:56:02 0.00 0.01 0.05
11:57:01 0.00 0.01 0.05
11:58:01 0.00 0.01 0.05
11:59:01 0.01 0.05
12:00:01 0.01 0.05
12:01:01 0.01 0.05
12:02:01 0.01 0.05
12:03:01 0.01 0.05
12:04:02 0.01 0.05
12:05:01 0.01 0.05
12:06:01 0.01 0.05
12:07:01 0.01 0.05
12:08:01 0.01 0.05
12:09:01 0.01 0.05
12:10:01 0.01 0.05
12:11:01 0.01 0.05
12:12:01 0.01 0.05
12:13:01 0.01 0.05
12:14:01 0.01 0.05
12:15:01 0.01 0.05
12:16:01 0.01 0.05
12:17:01 0.01 0.05
12:18:01 0.01 0.05
12:19:01 0.01 0.05
12:20:01 0.01 0.05
12:21:01 0.01 0.05
12:22:01 0.01 0.05
12:23:01 0.01 0.05
12:24:01 0.01 0.05
12:25:01 0.01 0.05
12:26:01 0.01 0.05
12:27:01 0.01 0.05
12:28:01 0.01 0.05
12:29:01 0.01 0.05
12:30:01 0.01 0.05
12:31:02 0.01 0.05
12:32:01 0.01 0.05
12:33:01 0.01 0.05
12:34:01 0.01 0.05
12:35:01 0.01 0.05
12:36:01 0.01 0.05
12:37:01 0.01 0.05
12:38:01 0.01 0.05
12:39:01 0.01 0.05
12:40:02 0.01 0.05
12:41:01 0.01 0.05
12:42:01 0.01 0.05
12:43:01 0.01 0.05
12:44:01 0.01 0.05
12:45:01 0.01 0.05
12:46:01 0.01 0.05
12:47:01 0.01 0.05
12:48:01 0.01 0.05
12:49:02 0.01 0.05
12:50:01 0.01 0.05
12:51:01 0.01 0.05
12:52:01 0.01 0.05
12:53:01 0.01 0.05
12:54:01 0.01 0.05
12:55:01 0.01 0.05
12:56:01 0.01 0.05
12:57:01 0.01 0.05
12:58:01 0.01 0.05
12:59:01 0.01 0.05
13:00:01 0.01 0.05
13:01:01 0.01 0.05
13:02:01 0.01 0.05
13:03:01 0.01 0.05
13:04:01 0.01 0.05
13:05:01 0.01 0.05
13:06:01 0.01 0.05
13:07:02 0.01 0.05
13:08:01 0.01 0.05
13:09:01 0.01 0.05
13:10:01 0.01 0.05
13:11:01 0.01 0.05
13:12:01 0.01 0.05
13:13:01 0.01 0.05
13:14:01 0.01 0.05
13:15:01 0.01 0.05
13:16:02 0.01 0.05
13:17:01 0.01 0.05
13:18:01 0.01 0.05
13:19:01 0.01 0.05
13:20:01 0.01 0.05
13:21:01 0.01 0.05
13:22:01 0.01 0.05
13:23:01 0.01 0.05
13:24:01 0.01 0.05
13:25:02 0.01 0.05
13:26:01 0.06 0.06
13:27:01 0.05 0.06
13:28:01 0.04 0.05
13:29:01 0.04 0.05
13:30:01 0.03 0.05
13:31:01 0.02 0.05
13:32:01 0.02 0.05
13:33:01 0.01 0.05
13:34:02 0.01 0.05
13:35:01 0.01 0.05
13:36:01 0.01 0.05
13:37:01 0.01 0.05
13:38:01 0.01 0.05
13:39:01 0.01 0.05
13:40:01 0.01 0.05
13:41:01 0.01 0.05
13:42:01 0.01 0.05
13:43:02 0.01 0.05
13:44:01 0.01 0.05
13:45:01 0.01 0.05
13:46:01 0.01 0.05
13:47:01 0.01 0.05
13:48:01 0.01 0.05
13:49:01 0.01 0.05
13:50:01 0.01 0.05
13:51:01 0.01 0.05
13:52:02 0.01 0.05
13:53:01 0.01 0.05
13:54:01 0.01 0.05
13:55:01 0.01 0.05
13:56:01 0.01 0.05
13:57:01 0.01 0.05
13:58:01 0.01 0.05
13:59:01 0.01 0.05
14:00:01 0.01 0.05
14:01:02 0.01 0.05
14:02:01 0.01 0.05
14:03:01 0.01 0.05
14:04:01 0.01 0.05
14:05:01 0.01 0.05
14:06:01 0.01 0.05
14:07:01 0.01 0.05
14:08:01 0.01 0.05
14:09:02 0.01 0.05
14:10:01 0.01 0.05
14:11:01 0.01 0.05
14:12:01 0.01 0.05
14:13:01 0.01 0.05
14:14:01 0.01 0.05
14:15:01 0.01 0.05
14:16:01 0.01 0.05
14:17:01 0.01 0.05
14:18:02 0.01 0.05
14:19:01 0.01 0.05
14:20:01 0.01 0.05
14:21:01 0.01 0.05
14:22:01 0.01 0.05
14:23:01 0.01 0.05
14:24:01 0.01 0.05
14:25:01 0.01 0.05
14:26:01 0.01 0.05
14:27:02 0.01 0.05
14:28:01 0.01 0.05
14:29:01 0.01 0.05
14:30:01 0.01 0.05
14:31:01 0.01 0.05
14:32:01 0.01 0.05
14:33:01 0.01 0.05
14:34:01 0.01 0.05
14:35:01 0.01 0.05
14:36:01 0.01 0.05
14:37:01 0.01 0.05
14:38:01 0.01 0.05
14:39:01 0.01 0.05
14:40:01 0.01 0.05
14:41:01 0.01 0.05
14:42:01 0.01 0.05
14:43:01 0.01 0.05
14:44:01 0.01 0.05
14:45:02 0.01 0.05
14:46:01 0.01 0.05
14:47:01 0.01 0.05
14:48:01 0.01 0.05
14:49:01 0.01 0.05
14:50:01 0.01 0.05
14:51:01 0.01 0.05
14:52:01 0.01 0.05
14:53:01 0.01 0.05
14:54:02 0.01 0.05
14:55:01 0.01 0.05
14:56:01 0.01 0.05
14:57:01 0.01 0.05
14:58:01 0.01 0.05
14:59:01 0.01 0.05
15:00:01 0.01 0.05
15:01:01 0.01 0.05
15:02:01 0.01 0.05
15:03:01 0.01 0.05
15:04:01 0.01 0.05
15:05:01 0.01 0.05
15:06:01 0.01 0.05
15:07:01 0.01 0.05
15:08:01 0.01 0.05
15:09:01 0.01 0.05
15:10:01 0.01 0.05
15:11:01 0.01 0.05
15:12:01 0.01 0.05
15:13:01 0.01 0.05
15:14:01 0.03 0.05
15:15:01 0.02 0.05
15:16:01 0.02 0.05
15:17:01 0.01 0.05
15:18:01 0.01 0.05
15:19:02 0.01 0.05
15:20:01 0.01 0.05
15:21:01 0.01 0.05
15:22:01 0.01 0.05
15:23:01 0.01 0.05
15:24:01 0.01 0.05
15:25:01 0.01 0.05
15:26:01 0.01 0.05
15:27:01 0.01 0.05
15:28:01 0.01 0.05
15:29:01 0.01 0.05
15:30:01 0.01 0.05
15:31:01 0.01 0.05
15:32:01 0.01 0.05
15:33:01 0.01 0.05
15:34:01 0.01 0.05
15:35:01 0.01 0.05
15:36:02 0.01 0.05
15:37:01 0.01 0.05
15:38:01 0.01 0.05
15:39:01 0.01 0.05
15:40:01 0.01 0.05
15:41:01 0.01 0.05
15:42:01 0.01 0.05
15:43:01 0.01 0.05
15:44:01 0.01 0.05
15:45:01 0.01 0.05
15:46:01 0.16 0.10
15:47:01 0.13 0.09
15:48:01 0.11 0.09
15:49:01 0.09 0.08
15:50:01 0.07 0.08
15:51:01 0.06 0.07
15:52:01 0.05 0.06
15:53:02 0.04 0.06
15:54:01 0.04 0.05
15:55:01 0.03 0.05
15:56:01 0.02 0.05
15:57:01 0.02 0.05
15:58:01 0.01 0.05
15:59:01 0.01 0.05
16:00:01 0.01 0.05
16:01:01 0.01 0.05
16:02:01 0.01 0.05
16:03:01 0.11 0.08
16:04:01 0.09 0.07
16:05:01 0.08 0.07
16:06:01 0.06 0.06
16:07:01 0.05 0.05
16:08:01 0.04 0.05
16:09:02 0.04 0.05
16:10:01 0.03 0.05
16:11:01 0.02 0.05
16:12:01 0.02 0.05
16:13:01 0.12 0.08
16:14:01 0.15 0.09
16:15:01 0.12 0.09
16:16:01 0.10 0.08
16:17:02 0.11 0.09
16:18:01 0.09 0.08
16:19:01 0.08 0.07
16:20:01 0.06 0.07
16:21:01 0.05 0.06
16:22:01 0.04 0.06
16:23:01 0.04 0.05
16:24:01 0.03 0.05
16:25:01 0.02 0.05
16:26:01 0.02 0.05
16:27:01 0.01 0.05
16:28:01 0.03 0.05
16:29:01 0.03 0.05
16:30:01 0.02 0.05
16:31:01 0.05 0.06
16:32:01 0.04 0.05
16:33:01 0.03 0.05
16:34:02 0.03 0.05
16:35:01 0.02 0.05
16:36:01 0.02 0.05
16:37:01 0.01 0.05
16:38:01 0.01 0.05
16:39:01 0.01 0.05
16:40:01 0.01 0.05
16:41:01 0.13 0.09
16:42:01 0.11 0.08
16:43:01 0.09 0.08
16:44:01 0.07 0.07
16:45:01 0.06 0.06
16:46:01 0.05 0.06
16:47:01 0.04 0.05
16:48:01 0.04 0.05
16:49:01 0.03 0.05
16:50:01 0.09 0.07
16:51:02 0.07 0.06
16:52:01 0.06 0.06
16:53:01 0.05 0.05
16:54:01 0.04 0.05
16:55:01 0.04 0.05
16:56:01 0.03 0.05
16:57:01 0.02 0.05
16:58:01 0.02 0.05
16:59:01 0.01 0.05
17:00:01 0.15 0.09
17:01:01 0.12 0.09
17:02:01 0.10 0.08
17:03:01 0.08 0.08
17:04:01 0.07 0.07
17:05:01 0.06 0.06
17:06:01 0.04 0.06
17:07:01 0.04 0.05
17:08:01 0.03 0.05
17:09:01 0.03 0.05
17:10:01 0.02 0.05
17:11:01 0.01 0.05
17:12:01 0.01 0.05
17:13:01 0.01 0.05
17:14:01 0.01 0.05
17:15:01 0.01 0.05
17:16:02 0.01 0.05
17:17:01 0.01 0.05
17:18:01 0.01 0.05
17:19:01 0.01 0.05
17:20:01 0.01 0.05
17:21:01 0.01 0.05
17:22:01 0.01 0.05
17:23:01 0.01 0.05
17:24:02 0.01 0.05
17:25:01 0.01 0.05
17:26:01 0.01 0.05
17:27:01 0.01 0.05
17:28:01 0.01 0.05
17:29:01 0.01 0.05
17:30:01 0.01 0.05
17:31:01 0.01 0.05
17:32:01 0.01 0.05
17:33:02 0.01 0.05
17:34:01 0.01 0.05
17:35:01 0.01 0.05
17:36:01 0.01 0.05
17:37:01 0.01 0.05
17:38:01 0.01 0.05
17:39:01 0.01 0.05
17:40:01 0.01 0.05
17:41:02 0.01 0.05
17:42:01 0.01 0.05
17:43:01 0.01 0.05
17:44:01 0.01 0.05
17:45:01 0.01 0.05
17:46:01 0.01 0.05
17:47:01 0.01 0.05
17:48:01 0.01 0.05
17:49:01 0.01 0.05
17:50:01 0.01 0.05
17:51:01 0.01 0.05
17:52:01 0.01 0.05
17:53:01 0.01 0.05
17:54:01 0.01 0.05
17:55:01 0.01 0.05
17:56:01 0.01 0.05
17:57:01 0.01 0.05
17:58:02 0.01 0.05
17:59:01 0.01 0.05
18:00:01 0.01 0.05
18:01:01 0.01 0.05
18:02:01 0.01 0.05
18:03:01 0.01 0.05
18:04:01 0.01 0.05
18:05:01 0.01 0.05
18:06:02 0.01 0.05
18:07:01 0.01 0.05
18:08:01 0.03 0.05
18:09:01 0.11 0.08
18:10:02 0.20 0.11
18:11:01 0.22 0.12
18:12:01 0.27 0.15
18:13:01 0.28 0.16
18:14:01 0.31 0.17
18:15:02 0.37 0.20
18:16:01 0.33 0.20
18:17:01 0.33 0.21
18:18:01 0.38 0.24
18:19:01 0.43 0.26
18:20:01 0.45 0.28
18:21:02 0.42 0.28
18:22:01 0.52 0.32
18:23:01 0.50 0.33
18:24:01 0.47 0.32
18:25:01 0.51 0.34
18:26:01 0.51 0.35
18:27:01 0.54 0.37
18:28:01 0.56 0.39
18:29:01 0.54 0.39
18:30:01 0.54 0.41
18:31:02 0.59 0.43
18:32:01 0.56 0.43
18:33:01 0.55 0.43
18:34:01 0.52 0.43
18:35:01 0.52 0.43
18:36:01 0.61 0.47
18:37:01 0.74 0.52
18:38:01 0.74 0.54
18:39:01 0.68 0.53
18:40:01 0.68 0.54
18:41:01 0.59 0.51
18:42:01 0.57 0.51
18:43:01 0.55 0.50
18:44:01 0.54 0.50
18:45:01 0.63 0.53
18:46:01 0.55 0.51
18:47:02 0.57 0.52
18:48:01 0.60 0.53
18:49:01 0.56 0.52
18:50:01 0.54 0.51
18:51:01 0.55 0.52
18:52:02 0.52 0.51
18:53:01 0.52 0.51
18:54:01 0.50 0.50
18:55:01 0.51 0.51
18:56:01 0.53 0.51
18:57:01 0.57 0.52
18:58:01 0.53 0.51
18:59:01 0.45 0.48
19:00:01 0.43 0.47
19:01:01 0.47 0.49
19:02:02 0.54 0.51
19:03:01 0.52 0.50
19:04:01 0.59 0.53
19:05:01 0.59 0.53
19:06:01 0.53 0.51
19:07:02 0.53 0.51
19:08:01 0.51 0.50
19:09:01 0.57 0.52
19:10:01 0.57 0.52
19:11:01 0.54 0.51
19:12:01 0.57 0.52
19:13:01 0.56 0.52
19:14:01 0.59 0.53
19:15:01 0.64 0.55
19:16:01 0.57 0.53
19:17:01 0.54 0.52
19:18:02 0.47 0.50
19:19:01 0.49 0.50
19:20:01 0.48 0.50
19:21:01 0.42 0.48
19:22:01 0.45 0.49
19:23:01 0.44 0.49
19:24:02 0.55 0.52
19:25:01 0.53 0.51
19:26:01 0.58 0.53
19:27:01 0.53 0.51
19:28:01 0.56 0.52
19:29:02 0.50 0.50
19:30:01 0.55 0.52
19:31:01 0.50 0.50
19:32:01 0.49 0.50
19:33:01 0.55 0.52
19:34:01 0.57 0.52
19:35:01 0.52 0.51
19:36:01 0.50 0.50
19:37:01 0.55 0.52
19:38:01 0.54 0.51
19:39:01 0.60 0.54
19:40:02 0.56 0.52
19:41:01 0.61 0.54
19:42:01 0.54 0.52
19:43:01 0.58 0.54
19:44:01 0.59 0.54
19:45:02 0.55 0.53
19:46:01 0.57 0.54
19:47:01 0.51 0.52
19:48:01 0.50 0.51
19:49:01 0.54 0.52
19:50:01 0.47 0.50
19:51:01 0.49 0.50
19:52:01 0.52 0.51
19:53:01 0.43 0.48
19:54:01 0.43 0.48
19:55:02 0.54 0.52
19:56:01 0.52 0.51
19:57:01 0.56 0.52
19:58:01 0.54 0.51
19:59:01 0.54 0.52
20:00:01 0.54 0.51
20:01:01 0.53 0.51
20:02:01 0.52 0.51
20:03:01 0.51 0.50
20:04:02 0.54 0.51
20:05:01 0.49 0.50
20:06:01 0.58 0.53
20:07:01 0.58 0.53
20:08:01 0.62 0.55
20:09:01 0.64 0.56
20:10:01 0.65 0.57
20:11:01 0.66 0.58
20:12:01 0.59 0.56
20:13:01 0.61 0.58
20:14:01 0.58 0.57
20:15:02 0.56 0.56
20:16:01 0.67 0.60
20:17:01 0.62 0.59
20:18:01 0.55 0.57
20:19:01 0.54 0.57
20:20:01 0.52 0.56
20:21:02 0.63 0.59
20:22:01 0.66 0.60
20:23:01 0.60 0.58
20:24:01 0.59 0.59
20:25:01 0.55 0.57
20:26:02 0.61 0.59
20:27:01 0.63 0.60
20:28:01 0.62 0.60
20:29:01 0.60 0.59
20:30:01 0.58 0.59
20:31:02 0.58 0.59
20:32:01 0.61 0.60
20:33:01 0.64 0.60
20:34:01 0.59 0.59
20:35:01 0.55 0.58
20:36:01 0.58 0.59
20:37:01 0.55 0.58
20:38:01 0.54 0.58
20:39:01 0.56 0.58
20:40:01 0.50 0.56
20:41:01 0.49 0.56
20:42:02 0.57 0.58
20:43:01 0.52 0.57
20:44:01 0.55 0.57
20:45:01 0.54 0.57
20:46:01 0.56 0.58
20:47:02 0.58 0.58
20:48:01 0.66 0.61
20:49:01 0.62 0.60
20:50:01 0.66 0.61
20:51:01 0.58 0.59
20:52:02 0.55 0.58
20:53:01 0.65 0.61
20:54:01 0.62 0.60
20:55:01 0.56 0.58
20:56:01 0.52 0.57
20:57:02 0.48 0.55
20:58:01 0.54 0.57
20:59:01 0.66 0.61
21:00:01 0.67 0.61
21:01:01 0.64 0.60
21:02:02 0.58 0.59
21:03:01 0.55 0.58
21:04:01 0.51 0.56
21:05:01 0.62 0.60
21:06:01 0.79 0.66
21:07:01 0.74 0.65
21:08:02 0.68 0.64
21:09:01 0.65 0.63
21:10:01 0.64 0.63
21:11:01 0.61 0.62
21:12:01 0.69 0.65
21:13:02 0.67 0.64
21:14:01 0.61 0.62
21:15:01 0.58 0.61
21:16:01 0.58 0.61
21:17:01 0.56 0.60
21:18:01 0.61 0.61
21:19:01 0.54 0.59
21:20:01 0.63 0.61
21:21:01 0.62 0.61
21:22:01 0.54 0.58
21:23:01 0.55 0.58
21:24:02 0.53 0.57
21:25:01 0.57 0.59
21:26:01 0.59 0.59
21:27:01 0.59 0.59
21:28:01 0.57 0.59
21:29:01 0.55 0.58
21:30:02 0.56 0.58
21:31:01 0.60 0.60
21:32:01 0.63 0.60
21:33:01 0.58 0.59
21:34:01 0.53 0.57
21:35:01 0.59 0.59
21:36:02 0.59 0.59
21:37:01 0.62 0.60
21:38:01 0.62 0.60
21:39:01 0.56 0.58
21:40:01 0.59 0.59
21:41:01 0.60 0.59
21:42:01 0.64 0.61
21:43:01 0.62 0.60
21:44:01 0.58 0.59
21:45:01 0.57 0.58
21:46:01 0.52 0.57
21:47:02 0.50 0.56
21:48:01 0.49 0.55
21:49:01 0.58 0.58
21:50:01 0.62 0.60
21:51:01 0.58 0.58
21:52:01 0.55 0.58
21:53:02 0.58 0.59
21:54:01 0.66 0.61
21:55:01 0.63 0.60
21:56:01 0.67 0.61
21:57:01 0.67 0.62
21:58:01 0.62 0.60
21:59:02 0.59 0.59
22:00:01 0.51 0.56
22:01:01 0.53 0.57
22:02:01 0.53 0.57
22:03:01 0.50 0.55
22:04:01 0.48 0.55
22:05:02 0.56 0.57
22:06:01 0.52 0.56
22:07:01 0.58 0.58
22:08:01 0.57 0.57
22:09:01 0.58 0.58
22:10:01 0.66 0.61
22:11:02 0.57 0.58
22:12:01 0.58 0.59
22:13:01 0.63 0.60
22:14:01 0.66 0.61
22:15:01 0.67 0.62
22:16:02 0.68 0.62
22:17:01 0.63 0.61
22:18:01 0.72 0.64
22:19:01 0.73 0.64
22:20:02 0.61 0.61
22:21:01 0.57 0.60
22:22:01 0.60 0.60
22:23:01 0.59 0.60
22:24:01 0.59 0.59
22:25:02 0.54 0.58
22:26:01 0.52 0.57
22:27:01 0.53 0.57
22:28:01 0.48 0.55
22:29:01 0.53 0.57
22:30:02 0.52 0.56
22:31:01 0.49 0.55
22:32:01 0.46 0.54
22:33:01 0.45 0.53
22:34:01 0.43 0.51
22:35:01 0.42 0.51
22:36:02 0.42 0.50
22:37:01 0.45 0.50
22:38:01 0.50 0.52
22:39:01 0.47 0.50
22:40:02 0.47 0.50
22:41:01 0.51 0.51
22:42:01 0.54 0.52
22:43:01 0.56 0.53
22:44:01 0.54 0.52
22:45:02 0.56 0.53
22:46:01 0.55 0.52
22:47:01 0.58 0.54
22:48:04 0.66 0.56
22:49:03 0.74 0.60
22:50:03 0.79 0.62
22:51:04 0.67 0.59
22:52:03 0.66 0.59
22:53:03 0.82 0.65
22:54:04 0.85 0.67
22:55:04 0.92 0.71
22:56:03 0.91 0.71
22:57:03 1.21 0.82
22:58:03 1.23 0.86
22:59:04 1.10 0.83
23:00:04 1.03 0.83
23:01:03 1.01 0.84
23:02:03 0.96 0.83
23:03:03 0.91 0.82
23:04:04 0.92 0.83
23:05:04 1.08 0.90
23:06:03 1.05 0.90
23:07:03 0.95 0.87
23:08:04 1.14 0.94
23:09:04 1.06 0.93
23:10:04 1.03 0.93
23:11:04 1.02 0.93
23:12:04 0.99 0.93
23:13:03 1.02 0.94
23:14:03 1.01 0.95
23:15:05 1.04 0.96
23:16:03 1.17 1.01
23:17:04 1.19 1.03
23:18:03 1.32 1.08
23:19:04 1.30 1.10
23:20:03 1.17 1.06
23:21:04 1.16 1.06
23:22:03 1.19 1.08
23:23:03 1.18 1.08
23:24:03 1.26 1.12
23:25:03 1.17 1.10
23:26:03 1.29 1.15
23:27:03 1.35 1.17
23:28:03 1.38 1.19
23:29:03 1.48 1.24
23:30:03 1.71 1.33
23:31:04 1.58 1.31
23:32:03 1.51 1.30
23:33:03 1.39 1.28
23:34:04 1.24 1.23
23:35:02 1.15 1.20
23:36:03 1.14 1.20
23:37:03 1.10 1.18
23:38:04 1.21 1.21
23:39:03 1.37 1.27
23:40:04 1.48 1.31
23:41:03 1.30 1.26
23:42:03 1.18 1.22
23:43:04 1.54 1.35
23:44:03 1.39 1.31
23:45:04 1.47 1.34
23:46:03 1.66 1.41
23:47:04 1.63 1.42
23:48:04 1.55 1.40
23:49:03 1.44 1.38
23:50:03 1.28 1.33
23:51:04 1.31 1.33
23:52:04 1.21 1.30
23:53:03 1.18 1.28
23:54:03 1.38 1.35
23:55:03 1.47 1.38
23:56:03 1.49 1.39
23:57:04 1.42 1.37
23:58:04 1.22 1.31
23:59:04 1.36 1.34
00:00:04 1.21 1.29
00:01:05 1.17 1.27
00:02:03 1.23 1.28
00:03:03 1.17 1.26
00:04:03 1.21 1.27
00:05:03 1.08 1.22
00:06:04 1.35 1.30
00:07:03 1.18 1.24
00:08:03 1.19 1.24
00:09:04 1.06 1.19
00:10:03 1.19 1.23
00:11:03 1.05 1.18
00:12:03 1.03 1.16
00:13:03 0.98 1.13
00:14:04 1.04 1.14
00:15:04 0.93 1.10
00:16:04 0.80 1.05
00:17:03 0.95 1.09
00:18:03 0.88 1.06
00:19:03 0.98 1.08
00:20:04 0.93 1.06
00:21:04 0.91 1.04
00:22:04 0.77 0.99
00:23:04 0.75 0.97
00:24:03 0.75 0.95
00:25:03 0.95 1.01
00:26:03 0.85 0.97
00:27:04 1.09 1.05
00:28:03 0.92 0.99
00:29:04 0.93 0.99
00:30:03 0.95 0.99
00:31:03 0.85 0.96
00:32:04 0.86 0.95
00:33:04 1.04 1.01
00:34:03 0.91 0.96
00:35:02 0.92 0.96
00:36:04 1.03 1.00
00:37:04 0.94 0.96
00:38:02 0.96 0.97
00:39:03 0.99 0.98
00:40:03 0.87 0.94
00:41:03 0.88 0.94
00:42:04 0.81 0.91
00:43:03 1.06 0.99
00:44:03 0.93 0.95
00:45:03 0.88 0.93
00:46:04 0.87 0.92
00:47:04 0.85 0.91
00:48:04 1.02 0.97
00:49:02 1.10 0.99
00:50:04 1.19 1.03
00:51:05 1.08 1.00
00:52:04 1.14 1.03
00:53:03 1.06 1.02
00:54:04 0.95 0.98
00:55:04 1.06 1.01
00:56:04 1.06 1.02
00:57:04 0.99 0.99
00:58:03 1.14 1.04
00:59:04 1.07 1.03
01:00:04 0.96 0.99
01:01:04 1.05 1.02
01:02:03 1.10 1.04
01:03:04 1.02 1.02
01:04:04 1.23 1.09
01:05:03 1.36 1.15
01:06:03 1.20 1.11
01:07:03 1.05 1.06
01:08:03 1.33 1.15
01:09:04 1.35 1.17
01:10:03 1.19 1.12
01:11:04 1.13 1.11
01:12:03 1.11 1.10
01:13:03 1.14 1.11
01:14:03 1.18 1.13
01:15:04 1.36 1.19
01:16:04 1.27 1.17
01:17:04 1.36 1.20
01:18:03 1.17 1.15
01:19:04 1.20 1.16
01:20:04 1.43 1.24
01:21:04 1.33 1.22
01:22:05 1.22 1.19
01:23:03 1.12 1.16
01:24:03 1.15 1.16
01:25:03 1.20 1.18
01:26:03 1.02 1.12
01:27:03 1.06 1.13
01:28:03 1.04 1.11
01:29:03 1.00 1.10
01:30:03 1.08 1.12
01:31:03 1.12 1.13
01:32:04 1.15 1.14
01:33:03 1.23 1.17
01:34:04 1.32 1.21
01:35:03 1.45 1.25
01:36:04 1.35 1.23
01:37:04 1.31 1.22
01:38:04 1.32 1.23
01:39:04 1.35 1.25
01:40:04 1.15 1.18
01:41:03 1.14 1.18
01:42:04 1.00 1.13
01:43:04 1.03 1.13
01:44:03 0.87 1.07
01:45:04 0.92 1.07
01:46:03 0.88 1.05
01:47:04 0.90 1.05
01:48:04 0.94 1.05
01:49:03 0.90 1.03
01:50:03 0.87 1.01
01:51:03 1.19 1.11
01:52:04 1.19 1.12
01:53:03 1.07 1.08
01:54:03 1.16 1.11
01:55:04 1.17 1.12
01:56:04 1.04 1.08
01:57:04 1.21 1.14
01:58:02 1.19 1.13
01:59:03 1.09 1.10
02:00:04 1.19 1.14
02:01:05 1.13 1.12
02:02:03 1.24 1.16
02:03:03 1.27 1.18
02:04:03 1.19 1.15
02:05:03 1.19 1.15
02:06:04 1.09 1.12
02:07:04 1.10 1.12
02:08:03 1.02 1.10
02:09:04 1.05 1.10
02:10:03 1.06 1.10
02:11:04 1.10 1.12
02:12:03 1.15 1.13
02:13:04 1.10 1.12
02:14:03 1.08 1.11
02:15:04 1.13 1.13
02:16:03 1.18 1.14
02:17:04 1.29 1.18
02:18:03 1.40 1.23
02:19:03 1.33 1.22
02:20:04 1.23 1.19
02:21:04 1.33 1.22
02:22:05 1.43 1.26
02:23:03 1.31 1.23
02:24:04 1.34 1.25
02:25:03 1.27 1.23
02:26:03 1.17 1.20
02:27:05 1.31 1.25
02:28:03 1.28 1.24
02:29:04 1.41 1.29
02:30:04 1.63 1.37
02:31:03 1.44 1.32
02:32:03 1.33 1.29
02:33:04 1.65 1.41
02:34:03 1.59 1.40
02:35:04 1.77 1.47
02:36:04 1.59 1.43
02:37:03 1.60 1.44
02:38:03 1.41 1.39
02:39:04 1.25 1.33
02:40:04 1.35 1.36
02:41:04 1.39 1.36
02:42:03 1.25 1.32
02:43:04 1.25 1.31
02:44:03 1.37 1.34
02:45:03 1.19 1.29
02:46:04 1.12 1.25
02:47:03 1.06 1.22
02:48:03 0.99 1.19
02:49:03 1.01 1.18
02:50:04 0.99 1.17
02:51:03 1.06 1.18
02:52:03 1.04 1.17
02:53:03 1.07 1.17
02:54:03 1.10 1.17
02:55:04 1.24 1.22
02:56:03 1.24 1.22
02:57:03 1.38 1.27
02:58:04 1.51 1.32
02:59:04 1.41 1.30
03:00:03 1.41 1.31
03:01:04 1.29 1.27
03:02:03 1.25 1.26
03:03:04 1.20 1.24
03:04:04 1.18 1.23
03:05:03 1.31 1.28
03:06:04 1.20 1.24
03:07:04 1.09 1.20
03:08:04 1.27 1.25
03:09:03 1.13 1.21
03:10:03 1.07 1.18
03:11:02 0.99 1.15
03:12:03 0.97 1.13
03:13:03 0.94 1.11
03:14:03 0.85 1.07
03:15:04 0.82 1.04
03:16:03 0.89 1.05
03:17:03 0.97 1.07
03:18:03 0.85 1.02
03:19:03 1.12 1.11
03:20:03 1.04 1.08
03:21:03 0.99 1.06
03:22:03 0.98 1.05
03:23:03 0.94 1.03
03:24:04 0.99 1.05
03:25:03 1.05 1.06
03:26:04 1.08 1.07
03:27:03 1.14 1.09
03:28:03 1.32 1.16
03:29:03 1.24 1.14
03:30:03 1.37 1.19
03:31:03 1.32 1.19
03:32:04 1.32 1.20
03:33:04 1.26 1.18
03:34:05 1.27 1.19
03:35:04 1.12 1.14
03:36:05 1.22 1.17
03:37:03 1.41 1.24
03:38:04 1.26 1.20
03:39:04 1.13 1.16
03:40:04 1.10 1.14
03:41:02 0.97 1.10
03:42:03 0.90 1.06
03:43:04 1.10 1.13
03:44:03 1.00 1.09
03:45:03 0.97 1.08
03:46:03 1.18 1.14
03:47:03 1.01 1.09
03:48:03 1.01 1.08
03:49:03 0.99 1.07
03:50:04 1.00 1.07
03:51:03 0.92 1.04
03:52:03 0.98 1.05
03:53:04 0.93 1.03
03:54:04 0.91 1.02
03:55:03 1.08 1.07
03:56:02 1.03 1.05
03:57:04 1.07 1.06
03:58:03 0.95 1.02
03:59:03 0.97 1.03
04:00:04 0.91 1.00
04:01:03 0.86 0.98
04:02:04 0.77 0.94
04:03:03 0.96 1.00
04:04:03 0.99 1.01
04:05:04 0.96 1.00
04:06:03 0.89 0.97
04:07:03 0.86 0.95
04:08:04 0.80 0.93
04:09:04 0.90 0.95
04:10:04 0.78 0.91
04:11:03 0.73 0.88
04:12:04 0.89 0.93
04:13:03 0.80 0.89
04:14:03 0.76 0.87
04:15:04 0.81 0.88
04:16:04 0.96 0.93
04:17:03 0.97 0.93
04:18:03 0.95 0.93
04:19:04 0.85 0.90
04:20:03 0.95 0.94
04:21:04 0.90 0.92
04:22:03 0.90 0.92
04:23:03 0.87 0.91
04:24:03 1.00 0.95
04:25:03 1.04 0.97
04:26:03 1.16 1.01
04:27:04 1.23 1.04
04:28:03 1.15 1.03
04:29:03 1.12 1.03
04:30:04 1.01 1.00
04:31:05 0.90 0.96
04:32:03 0.97 0.98
04:33:03 1.03 1.00
04:34:03 0.95 0.97
04:35:02 1.02 0.99
04:36:04 1.12 1.02
04:37:03 1.10 1.03
04:38:04 1.03 1.01
04:39:03 0.98 1.00
04:40:03 0.90 0.97
04:41:04 0.85 0.95
04:42:03 1.09 1.02
04:43:04 1.08 1.02
04:44:02 1.10 1.04
04:45:03 1.14 1.05
04:46:03 1.02 1.02
04:47:04 0.96 1.00
04:48:04 0.88 0.96
04:49:03 0.86 0.95
04:50:03 0.98 0.99
10:56:01 1.83 0.53 0.18
10:57:01 0.96 0.51 0.20
10:58:01 0.67 0.51 0.22
10:59:02 0.83 0.56 0.25
11:00:01 0.65 0.54 0.26
11:01:01 0.68 0.56 0.29
11:02:02 0.46 0.52 0.29
11:03:01 0.28 0.46 0.29
11:04:02 0.94 0.58 0.34
11:05:01 0.50 0.52 0.33
11:06:02 0.60 0.55 0.35
11:07:01 0.55 0.55 0.36
11:08:01 0.83 0.63 0.41
11:09:02 0.59 0.61 0.41
11:10:01 0.57 0.59 0.42
11:11:01 0.50 0.56 0.42
11:12:01 0.27 0.49 0.40
11:13:02 0.18 0.43 0.39
11:14:01 0.52 0.47 0.41
11:15:02 0.47 0.46 0.41
11:16:01 0.29 0.41 0.40
11:17:01 0.37 0.41 0.40
11:18:01 0.53 0.47 0.42
11:19:02 1.10 0.60 0.46
11:20:01 0.81 0.60 0.47
11:21:01 0.71 0.60 0.48
11:22:01 0.55 0.57 0.48
11:23:01 0.89 0.65 0.51
11:24:01 0.76 0.67 0.53
11:25:02 0.50 0.61 0.51
11:26:01 0.39 0.57 0.50
11:27:01 0.33 0.51 0.49
11:28:02 0.48 0.53 0.50
11:29:01 0.53 0.52 0.50
11:30:01 0.53 0.52 0.50
11:31:01 0.77 0.60 0.53
11:32:02 0.49 0.55 0.52
11:33:01 0.34 0.51 0.50
11:34:01 0.89 0.63 0.54
11:35:01 0.76 0.64 0.55
11:36:02 0.70 0.63 0.55
11:37:01 0.59 0.62 0.56
11:38:01 0.60 0.63 0.56
11:39:02 0.39 0.57 0.55
11:40:01 0.74 0.62 0.57
11:41:01 0.68 0.62 0.57
11:42:02 0.46 0.57 0.56
11:43:01 1.13 0.69 0.60
11:44:01 0.81 0.68 0.60
11:45:02 0.65 0.65 0.59
11:46:01 0.76 0.68 0.61
11:47:01 0.76 0.71 0.62
11:48:02 0.56 0.66 0.60
11:49:01 0.76 0.68 0.61
11:50:01 0.84 0.68 0.61
11:51:01 0.79 0.70 0.62
11:52:01 0.77 0.69 0.62
11:53:01 0.60 0.67 0.62
11:54:01 0.55 0.65 0.62
11:55:02 0.64 0.61
11:56:01 0.61 0.60
11:57:01 0.79 0.66
11:58:01 0.79 0.67
11:59:01 0.74 0.66
12:00:02 0.67 0.64
12:01:01 0.76 0.68
12:02:01 0.67 0.65
12:03:01 0.68 0.66
12:04:02 0.66 0.66
12:05:01 0.61 0.64
12:06:01 0.61 0.64
12:07:01 0.67 0.66
12:08:02 0.68 0.66
12:09:01 0.64 0.65
12:10:02 0.76 0.69
12:11:01 0.81 0.72
12:12:01 0.79 0.71
12:13:01 0.74 0.70
12:14:01 0.68 0.68
12:15:01 0.77 0.71
12:16:01 0.74 0.70
12:17:01 0.69 0.68
12:18:02 0.64 0.67
12:19:01 0.59 0.65
12:20:01 0.58 0.64
12:21:01 0.55 0.63
12:22:01 0.56 0.63
12:23:01 0.58 0.63
12:24:01 0.61 0.64
12:25:01 0.61 0.64
12:26:01 0.55 0.61
12:27:01 0.61 0.63
12:28:01 0.66 0.64
12:29:01 0.60 0.62
12:30:01 0.80 0.69
12:31:01 0.82 0.70
12:32:01 0.72 0.67
12:33:01 0.70 0.67
12:34:01 0.66 0.66
12:35:02 0.70 0.67
12:36:01 0.67 0.67
12:37:01 0.68 0.67
12:38:01 0.63 0.66
12:39:01 0.68 0.67
12:40:01 0.66 0.67
12:41:01 0.67 0.67
12:42:01 0.70 0.68
12:43:01 0.77 0.71
12:44:01 0.77 0.71
12:45:02 0.91 0.77
12:46:01 0.83 0.75
12:47:01 0.77 0.74
12:48:02 0.95 0.80
12:49:01 0.89 0.79
12:50:01 0.78 0.75
12:51:01 0.71 0.73
12:52:02 0.80 0.77
12:53:01 0.73 0.75
12:54:01 0.67 0.73
12:55:04 0.69 0.73
12:56:01 0.72 0.73
12:57:05 0.74 0.74
12:58:06 0.88 0.79
05:53:02 0.58 0.13 0.04
05:54:02 1.20 0.44 0.16
05:55:01 0.59 0.41 0.16
05:56:02 0.56 0.44 0.19
05:57:01 1.10 0.65 0.28
05:58:01 0.79 0.64 0.30
05:59:02 0.52 0.60 0.31
06:00:01 0.52 0.59 0.33
06:01:01 0.57 0.58 0.34
06:02:01 0.68 0.60 0.35
06:03:02 0.94 0.66 0.39
06:04:01 0.64 0.64 0.40
06:05:01 0.79 0.67 0.43
06:06:01 0.52 0.61 0.42
06:07:01 0.32 0.54 0.41
06:08:02 0.34 0.50 0.40
06:09:01 0.37 0.49 0.41
06:10:01 0.35 0.46 0.40
06:11:01 0.30 0.42 0.40
06:12:02 0.24 0.39 0.39
06:13:01 0.24 0.36 0.38
06:14:01 0.28 0.36 0.38
06:15:01 0.46 0.40 0.39
06:16:01 0.34 0.38 0.39
06:17:01 0.41 0.40 0.40
06:18:01 0.38 0.40 0.40
06:19:01 0.25 0.36 0.39
06:20:01 0.41 0.39 0.40
06:21:01 1.15 0.59 0.47
06:22:01 0.68 0.58 0.48
06:23:01 0.41 0.52 0.46
06:24:02 1.00 0.63 0.50
06:25:01 0.59 0.59 0.50
06:26:01 0.46 0.56 0.49
06:27:01 0.50 0.56 0.50
06:28:02 0.37 0.51 0.49
06:29:01 0.58 0.55 0.50
06:30:01 0.52 0.54 0.50
06:31:02 0.56 0.56 0.51
06:32:01 0.53 0.56 0.51
06:33:01 0.33 0.50 0.49
06:34:01 0.24 0.44 0.47
06:35:01 0.53 0.50 0.49
06:36:02 1.05 0.61 0.53
06:37:01 0.56 0.56 0.52
06:38:01 0.27 0.47 0.49
06:39:02 0.60 0.53 0.51
06:40:01 0.57 0.52 0.51
06:41:01 0.66 0.55 0.52
06:42:01 0.42 0.50 0.50
06:43:02 0.34 0.47 0.49
06:44:01 0.34 0.44 0.48
06:45:01 0.27 0.41 0.47
06:46:01 0.42 0.42 0.47
06:47:02 0.46 0.44 0.47
06:48:01 0.53 0.48 0.49
06:49:01 0.40 0.46 0.48
06:50:01 0.26 0.41 0.47
06:51:02 0.43 0.43 0.47
06:52:01 0.77 0.53 0.50
06:53:01 0.61 0.53
06:54:01 0.71 0.58
06:55:01 0.68 0.58
06:56:01 0.62 0.56
06:57:01 0.60 0.56
06:58:01 0.58 0.56
06:59:02 0.71 0.61
07:00:01 0.61 0.58
11:51:01 2.19 0.62 0.21
11:52:02 1.24 0.63 0.24
11:53:01 0.86 0.61 0.26
11:54:02 0.42 0.53 0.25
11:55:01 0.52 0.55 0.28
11:56:01 0.67 0.57 0.30
11:57:01 0.61 0.57 0.32
11:58:01 0.78 0.62 0.35
11:59:02 0.64 0.61 0.36
12:00:01 1.01 0.72 0.41
12:01:01 1.49 0.89 0.49
12:02:01 1.43 0.96 0.54
12:03:01 0.68 0.83 0.52
12:04:02 0.77 0.83 0.54
12:05:01 0.54 0.76 0.53
12:06:01 0.38 0.68 0.52
12:07:01 0.34 0.63 0.51
12:08:01 0.32 0.59 0.50
12:09:02 0.33 0.54 0.49
12:10:01 0.72 0.63 0.53
12:11:01 0.50 0.58 0.51
12:12:01 0.41 0.54 0.50
12:13:02 0.59 0.57 0.52
12:14:01 0.43 0.54 0.51
12:15:02 0.47 0.53 0.50
12:16:01 0.88 0.62 0.54
12:17:01 0.56 0.57 0.52
12:18:01 0.76 0.63 0.55
12:19:02 0.52 0.59 0.54
12:20:01 0.60 0.61 0.55
12:21:02 0.55 0.60 0.55
12:22:01 0.84 0.68 0.58
12:23:01 0.64 0.64 0.57
12:24:01 0.49 0.60 0.57
12:25:02 0.46 0.59 0.57
12:26:01 0.69 0.64 0.59
12:27:01 0.50 0.58 0.57
12:28:01 0.41 0.54 0.56
12:29:02 0.69 0.59 0.58
12:30:01 0.73 0.61 0.59
12:31:01 0.70 0.62 0.59
12:32:01 0.68 0.63 0.60
12:33:02 0.43 0.57 0.58
12:34:01 0.95 0.72 0.63
12:35:01 0.59 0.64 0.61
12:36:01 0.66 0.68 0.62
12:37:02 1.20 0.80 0.66
12:38:01 0.62 0.72 0.65
12:39:01 1.31 0.88 0.71
12:40:01 0.78 0.82 0.70
12:41:02 1.22 0.91 0.73
12:42:01 0.48 0.76 0.69
12:43:01 1.63 1.01 0.78
12:44:01 0.63 0.84 0.74
12:45:01 0.71 0.81 0.73
12:46:01 0.26 0.66 0.68
12:47:01 1.10 0.84 0.75
12:48:01 0.40 0.69 0.70
12:49:02 1.23 0.89 0.77
12:50:01 0.73 0.72
12:51:01 0.77 0.74
12:52:01 0.63 0.69
12:53:01 0.73 0.73
12:54:01 0.67 0.70
12:55:02 0.75 0.73
12:56:01 0.66 0.70
12:57:01 0.76 0.73
12:58:02 0.70 0.71
12:59:01 0.91 0.79
13:00:02 0.83 0.76
13:01:01 0.88 0.79
13:02:02 1.01 0.83
13:03:01 0.88 0.80
13:04:02 0.89 0.81
13:05:01 0.74 0.76
13:06:01 0.88 0.81
13:07:01 0.79 0.78
13:08:02 0.80 0.78
13:09:01 0.77 0.77
13:10:01 0.80 0.79
13:11:02 0.78 0.78
13:12:01 0.70 0.75
13:13:01 0.69 0.75
13:14:02 0.67 0.74
13:15:01 0.71 0.75
13:16:02 0.72 0.75
06:05:02 2.01 0.52 0.17
06:06:02 1.73 0.76 0.28
06:07:02 0.71 0.65 0.27
06:08:01 0.42 0.58 0.27
06:09:01 0.39 0.56 0.29
06:10:01 0.42 0.54 0.30
11:17:01 1.33 0.33 0.11
11:18:01 1.49 0.60 0.22
11:19:02 0.66 0.52 0.22
11:20:01 0.64 0.53 0.24
11:21:01 0.42 0.48 0.24
11:22:02 0.61 0.52 0.27
11:23:01 0.35 0.47 0.26
11:24:01 0.55 0.52 0.30
11:25:01 0.44 0.50 0.30
11:26:01 0.28 0.44 0.30
11:27:01 0.42 0.46 0.32
11:28:02 0.15 0.38 0.30
11:29:01 0.48 0.43 0.32
11:30:01 0.57 0.45 0.33
11:31:01 0.41 0.42 0.33
11:32:01 0.58 0.48 0.36
11:33:02 0.60 0.50 0.37
11:34:01 0.80 0.57 0.40
11:35:01 0.52 0.54 0.40
11:36:01 0.39 0.50 0.40
11:37:01 0.60 0.54 0.42
11:38:01 0.65 0.57 0.43
11:39:02 0.33 0.49 0.42
11:40:01 0.74 0.57 0.45
11:41:01 0.52 0.54 0.44
11:42:02 0.38 0.50 0.44
11:43:01 0.37 0.49 0.43
11:44:01 0.55 0.53 0.45
11:45:01 0.66 0.59 0.48
11:46:01 0.68 0.61 0.50
11:47:02 0.63 0.63 0.51
11:48:01 0.47 0.58 0.50
11:49:01 0.38 0.53 0.49
11:50:01 0.29 0.49 0.48
11:51:02 0.67 0.56 0.50
11:52:01 0.98 0.65 0.54
11:53:01 0.60 0.61 0.53
11:54:01 0.39 0.56 0.52
11:55:02 0.51 0.56 0.52
11:56:01 0.86 0.66 0.55
11:57:01 0.67 0.64 0.56
11:58:01 0.47 0.59 0.54
11:59:02 0.67 0.62 0.56
12:00:01 0.47 0.57 0.54
12:01:01 0.54 0.58 0.55
12:02:01 0.57 0.58 0.55
12:03:02 0.32 0.52 0.53
12:04:01 0.36 0.50 0.53
12:05:01 0.43 0.49 0.52
12:06:02 0.54 0.52 0.53
12:07:01 0.52 0.54 0.53
12:08:01 0.43 0.51 0.52
12:09:02 0.43 0.50 0.52
12:10:01 0.47 0.51 0.52
12:11:01 0.30 0.46 0.50
12:12:01 0.45 0.48 0.50
12:13:01 0.47 0.50 0.51
12:14:01 0.47 0.48 0.50
12:15:02 0.61 0.51 0.51
12:16:01 0.58 0.52 0.51
12:17:01 0.60 0.54
12:18:02 0.57 0.53
12:19:01 0.61 0.54
12:20:01 0.67 0.57
12:21:02 0.71 0.59
12:22:01 0.73 0.60
12:23:01 0.66 0.59
12:24:02 0.60 0.57
12:25:01 0.51 0.54
12:26:01 0.64 0.59
12:27:02 0.59 0.58
12:28:01 0.57 0.57
12:29:01 0.56 0.57
12:30:02 0.55 0.57
12:31:01 0.52 0.56
12:32:01 0.49 0.54
12:33:02 0.47 0.54
12:34:01 0.49 0.54
12:35:01 0.50 0.54
12:36:01 0.54 0.55
12:37:01 0.52 0.54
12:38:02 0.52 0.54
12:39:01 0.58 0.56
12:40:01 0.63 0.58
12:41:01 0.62 0.58
12:42:02 0.59 0.57
12:43:02 0.60 0.58
12:44:01 0.58 0.58
12:45:02 0.70 0.62
12:46:01 0.65 0.61
12:47:02 0.73 0.64
12:48:01 0.67 0.62
12:49:01 0.64 0.61
12:50:02 0.61 0.60
12:51:01 0.61 0.60
12:52:01 0.60 0.60
12:53:01 0.63 0.61
12:54:01 0.58 0.59
12:55:02 0.72 0.64
12:56:01 0.68 0.63
12:57:02 0.61 0.61
12:58:01 0.60 0.60
12:59:01 0.60 0.60
13:00:02 0.63 0.61
10:46:02 2.21 0.59 0.20
10:47:02 1.60 0.79 0.30
10:48:02 1.07 0.79 0.33
10:49:02 0.85 0.77 0.35
10:50:01 0.78 0.78 0.38
10:51:01 0.66 0.74 0.39
10:52:01 0.82 0.76 0.42
10:53:01 1.03 0.85 0.47
10:54:01 0.61 0.77 0.47
10:55:01 0.52 0.72 0.47
10:56:01 0.39 0.65 0.47
10:57:01 0.39 0.60 0.46
10:58:02 0.41 0.56 0.45
10:59:01 0.32 0.50 0.44
11:00:01 0.59 0.52 0.45
11:01:01 0.69 0.56 0.47
11:02:01 0.53 0.55 0.47
11:03:01 0.50 0.54 0.47
11:04:01 0.66 0.59 0.50
11:05:01 0.55 0.57 0.50
11:06:02 0.50 0.55 0.50
11:07:01 0.44 0.52 0.49
11:08:01 0.38 0.49 0.49
11:09:01 0.44 0.49 0.49
11:10:01 0.49 0.49 0.49
11:11:01 0.57 0.51 0.50
11:12:01 0.39 0.48 0.49
11:13:01 0.51 0.50 0.50
11:14:01 0.70 0.56 0.52
11:15:01 0.58 0.55 0.51
11:16:02 0.46 0.52 0.51
11:17:01 1.57 0.77 0.59
11:18:01 0.74 0.68 0.57
11:19:01 0.58 0.63 0.56
11:20:01 0.80 0.69 0.58
11:21:02 0.59 0.65 0.58
11:22:01 0.76 0.66 0.59
11:23:02 0.52 0.61 0.58
11:24:01 0.39 0.57 0.57
11:25:01 0.49 0.55 0.56
11:26:01 0.41 0.51 0.55
11:27:02 0.42 0.51 0.55
11:28:01 0.67 0.57 0.56
11:29:01 0.67 0.59 0.57
11:30:02 0.49 0.54 0.56
11:31:01 0.38 0.50 0.54
11:32:01 0.56 0.53 0.55
11:33:01 0.54 0.53 0.55
11:34:02 0.41 0.49 0.54
11:35:01 0.42 0.48 0.53
11:36:02 0.79 0.55 0.55
11:37:01 0.84 0.59 0.56
11:38:02 0.67 0.58 0.56
11:39:01 0.43 0.53 0.54
11:40:01 0.50 0.54 0.55
11:41:02 0.65 0.59 0.56
11:42:01 0.35 0.51 0.54
11:43:01 0.68 0.57 0.56
11:44:01 0.28 0.48 0.53
11:45:01 0.57 0.55
11:46:01 0.59 0.56
11:47:01 0.62 0.57
11:48:01 0.61 0.58
11:49:02 0.54 0.56
11:50:01 0.59 0.58
11:51:02 0.62 0.59
11:52:01 0.62 0.59
11:53:02 0.70 0.62
11:54:01 0.73 0.63
11:55:01 0.66 0.61
11:56:01 0.68 0.62
11:57:01 0.67 0.62
11:58:01 0.64 0.61
11:59:01 0.59 0.59
12:00:01 0.63 0.61
12:01:01 0.64 0.61
12:02:01 0.71 0.64
12:03:01 0.64 0.62
12:04:01 0.65 0.62
12:05:01 0.67 0.63
12:06:02 0.63 0.61
12:07:01 0.68 0.63
12:08:01 0.66 0.63
12:09:01 0.91 0.72
12:10:02 0.85 0.71
12:11:01 0.82 0.70
12:12:01 0.76 0.69
12:13:01 0.70 0.67
12:14:02 0.77 0.70
12:15:01 0.76 0.70
12:16:01 0.79 0.71
12:17:01 0.89 0.75
12:18:02 0.81 0.73
12:19:01 0.79 0.73
12:20:01 0.72 0.71
12:21:02 0.68 0.69
12:22:01 0.73 0.70
12:23:01 0.82 0.74
12:24:01 0.75 0.72
12:25:01 0.71 0.70
12:26:01 0.64 0.68
12:27:02 0.74 0.71
12:28:01 0.73 0.71
12:29:01 0.76 0.72
12:30:02 0.68 0.70
12:31:01 0.65 0.68
12:32:01 0.69 0.69
12:33:02 0.67 0.69
12:34:01 0.69 0.69
12:35:02 0.66 0.68
12:36:01 0.64 0.67
12:37:01 0.70 0.69
12:38:04 0.81 0.72
12:39:04 0.86 0.75
12:40:03 0.87 0.76
12:41:05 0.92 0.78
12:42:05 0.94 0.80
12:43:05 1.45 0.98
12:44:04 1.81 1.14
12:45:06 1.88 1.20
12:46:05 1.75 1.20
12:47:03 1.70 1.21
12:48:06 1.62 1.22
12:49:05 1.57 1.23
12:50:04 2.16 1.44
12:51:06 2.47 1.61
12:52:03 2.28 1.59
12:53:04 2.19 1.60
12:54:05 2.05 1.59
12:55:05 1.87 1.56
12:56:03 1.75 1.53
12:57:06 1.77 1.56
12:58:05 1.62 1.52
12:59:04 1.49 1.48
13:00:05 1.46 1.47
07:49:02 1.65 0.45 0.15
07:50:02 1.90 0.79 0.29
07:51:01 1.54 0.87 0.35
07:52:01 1.30 0.90 0.39
07:53:01 0.68 0.79 0.39
07:54:01 0.35 0.68 0.37
08:11:02 0.21 0.05 0.02
05:27:02 1.62 0.40 0.13
05:28:01 1.44 0.64 0.24
05:29:01 0.60 0.55 0.23
05:30:01 0.22 0.45 0.22
05:31:01 0.84 0.56 0.27
05:32:01 0.31 0.46 0.25
05:33:01 0.11 0.37 0.23
05:34:01 0.04 0.31 0.22
05:35:01 0.33 0.38 0.25
05:36:01 0.12 0.31 0.23
05:37:02 0.30 0.34 0.25
05:38:01 0.11 0.28 0.23
05:39:01 0.20 0.26 0.23
05:40:01 0.07 0.21 0.22
05:41:01 0.03 0.17 0.20
05:42:01 0.01 0.14 0.19
05:43:01 0.23 0.19 0.21
05:44:01 0.15 0.18 0.21
05:45:01 0.05 0.15 0.19
05:46:01 0.09 0.14 0.19
05:47:01 0.18 0.16 0.19
05:48:01 0.07 0.13 0.18
05:49:01 0.21 0.15 0.18
05:50:01 0.11 0.14 0.18
05:51:01 0.04 0.12 0.17
05:52:01 0.02 0.09 0.16
05:53:01 0.01 0.08 0.14
05:54:02 0.28 0.14 0.16
05:55:01 0.10 0.11 0.15
05:56:01 0.04 0.09 0.14
05:57:01 0.01 0.08 0.13
05:58:01 0.21 0.12 0.14
05:59:01 0.11 0.12 0.14
06:00:01 0.04 0.10 0.13
06:01:01 0.02 0.08 0.12
06:02:01 0.01 0.06 0.12
06:03:01 0.27 0.15 0.15
06:04:01 0.10 0.12 0.14
06:05:01 0.04 0.10 0.13
06:06:01 0.16 0.12 0.13
06:07:01 0.14 0.12 0.14
06:08:01 0.05 0.10 0.13
06:09:01 0.02 0.08 0.12
06:10:01 0.01 0.07 0.12
06:11:02 0.00 0.06 0.11
06:12:01 0.11 0.08 0.12
06:13:01 0.04 0.06 0.11
06:14:01 0.01 0.05 0.11
06:15:01 0.21 0.09 0.12
08:21:01 2.21 0.60 0.20
08:22:01 2.29 0.92 0.34
08:23:02 2.17 1.08 0.43
08:24:02 2.10 1.26 0.53
08:25:02 1.82 1.35 0.60
08:26:03 2.09 1.54 0.72
08:27:02 2.72 1.77 0.85
08:28:02 2.47 1.87 0.94
08:29:02 2.38 1.96 1.03
08:30:02 2.16 1.98 1.09
08:31:02 3.71 2.39 1.29
08:32:03 2.95 2.45 1.38
08:33:02 2.29 2.35 1.41
08:34:03 2.69 2.48 1.51
08:35:03 2.66 2.48 1.57
08:36:02 2.60 2.47 1.63
08:37:03 2.81 2.64 1.74
08:38:02 3.18 2.77 1.84
08:39:02 2.87 2.69 1.87
08:40:02 2.68 2.65 1.91
08:41:02 3.60 2.89 2.03
08:42:03 3.40 2.92 2.10
08:43:02 4.64 3.24 2.25
08:44:02 3.76 3.22 2.30
08:45:04 3.24 3.14 2.33
08:46:02 2.73 2.98 2.33
08:47:02 2.73 2.88 2.33
08:48:03 1.99 2.64 2.28
08:49:02 2.40 2.60 2.29
08:50:03 2.58 2.57 2.30
08:51:03 2.45 2.53 2.30
08:52:02 3.28 2.75 2.39
08:53:03 4.04 3.04 2.51
08:54:02 4.55 3.30 2.63
08:55:09 3.45 3.18 2.63
08:56:09 3.90 3.37 2.73
08:57:08 4.43 3.58 2.84
08:58:10 4.31 3.73 2.94
08:59:08 5.26 4.11 3.12
09:00:06 4.21 4.00 3.14
09:01:11 4.71 4.17 3.26
09:02:12 6.00 4.63 3.48
08:17:01 0.76 0.27 0.10
08:18:02 0.54 0.32 0.13
08:19:01 0.35 0.31 0.14
08:20:01 0.13 0.25 0.13
08:21:02 0.14 0.25 0.14
08:22:01 1.00 0.43 0.20
08:23:01 0.37 0.35 0.19
08:24:01 0.23 0.33 0.19
08:25:01 0.34 0.38 0.22
08:26:01 0.22 0.34 0.22
